<?xml version="1.0" encoding="UTF-8"?>
<testsuite name="DivisionTest" tests="4" skipped="0" failures="0" errors="0" timestamp="2021-07-14T20:03:56" hostname="NOTEBOOK-LGGEXE" time="0.106">
  <properties/>
  <testcase name="[1] 2.0, 1.0, 2.0" classname="DivisionTest" time="0.081"/>
  <testcase name="[2] 3.0, -3.0, -1.0" classname="DivisionTest" time="0.003"/>
  <testcase name="[3] 0.0, 1.0, 0.0" classname="DivisionTest" time="0.002"/>
  <testcase name="[4] -2.0, -2.0, 1.0" classname="DivisionTest" time="0.004"/>
  <system-out><![CDATA[]]></system-out>
  <system-err><![CDATA[]]></system-err>
</testsuite>
